<?xml version="1.0" encoding="UTF-8"?>
<!-- Generated by org.testng.reporters.JUnitReportReporter -->
<testsuite hostname="Happy" failures="0" tests="11" name="tests.CreateUserTests" time="12.738" errors="0" timestamp="2025-10-15T18:23:32 IST" skipped="0">
  <testcase classname="tests.CreateUserTests" name="testUpdateUserEmail_Success" time="0.581"/>
  <testcase classname="tests.CreateUserTests" name="testCreateUser_MissingEmail" time="1.909"/>
  <testcase classname="tests.CreateUserTests" name="testUpdateUserEmail_NonExistentUser" time="1.030"/>
  <testcase classname="tests.CreateUserTests" name="testBatchQueryUsers_Success" time="0.646"/>
  <testcase classname="tests.CreateUserTests" name="testBatchQueryUsers_InvalidQueryParam" time="3.093"/>
  <testcase classname="tests.CreateUserTests" name="testDeleteUser_UserNotFound" time="0.513"/>
  <testcase classname="tests.CreateUserTests" name="testGetUser_NotFound" time="2.022"/>
  <testcase classname="tests.CreateUserTests" name="testCreateUser_Success" time="0.668"/>
  <testcase classname="tests.CreateUserTests" name="testGetUser_Success" time="0.723"/>
  <testcase classname="tests.CreateUserTests" name="testDeleteUser_Success" time="0.651"/>
  <testcase classname="tests.CreateUserTests" name="testUpdateUserEmail_InvalidEmail" time="0.902"/>
</testsuite> <!-- tests.CreateUserTests -->
